<?xml version="1.0" encoding="UTF-8"?>
<!-- Generated by org.testng.reporters.JUnitXMLReporter -->
<testsuite ignored="0" hostname="DESKTOP-3SHOLN6" failures="1" tests="2" name="Test" time="32.041" errors="0" timestamp="2022-06-24T13:28:00 NPT">
  <testcase classname="com.test.OrangeHRMTest" name="LoginPageTest" time="0.19"/>
  <testcase classname="com.test.OrangeHRMTest" name="LoginTest" time="2.134">
    <failure type="java.lang.AssertionError" message="expected [OrangeHRM1] but found [OrangeHRM]">
      <![CDATA[java.lang.AssertionError: expected [OrangeHRM1] but found [OrangeHRM]
at com.test.OrangeHRMTest.LoginTest(OrangeHRMTest.java:33)
at java.base/java.util.ArrayList.forEach(ArrayList.java:1511)
... Removed 33 stack frames]]>
    </failure>
  </testcase> <!-- LoginTest -->
</testsuite> <!-- Test -->
